************* Module goodcode_v3
goodcode_v3.py:78:76: E0602: Undefined variable 'FINALSUM' (undefined-variable)

------------------------------------------------------------------
Your code has been rated at 7.62/10 (previous run: 9.52/10, -1.90)

===================================================================================
SLURM Job ID:            11723257
Submit time:             Wed Feb 05 22:20:48 GMT 2025 (Unix Epoch time: 1738794048)
Start time:              Wed Feb 05 22:22:38 GMT 2025 (Unix Epoch time: 1738794158)
No. nodes:               1
No. tasks:               1
Job name:                goodcode_test
Account:                 teaching
QoS:                     teaching
Partition (queue):       teaching-gpu
Submit directory:        /users/vib22141/PH510/Task1
Script name:             /users/vib22141/PH510/Task1/generic.sh
Master node:             weegpu4
Nodes used:              weegpu4
Task distribution:       
===================================================================================

===================================================================================
SLURM job 11723257 ended:     Wed Feb 05 22:21:09 GMT 2025 (Unix Epoch time: 1738794069)
This is an estimated end time using the 'date' command from node weegpu4.hpc.strath.ac.uk
For accurate timings, use 'sacct -j 11723257 -X --format=Submit,Start,End,Elapsed'
======================================================================================
slurmstepd: error: Pid 714819 is still in the freezer job cgroup.  It might be left uncleaned after the job.
