===================================================================================
SLURM Job ID:            11723315
Submit time:             Wed Feb 05 22:40:14 GMT 2025 (Unix Epoch time: 1738795214)
Start time:              Wed Feb 05 22:40:38 GMT 2025 (Unix Epoch time: 1738795238)
No. nodes:               1
No. tasks:               8
Job name:                goodcode_test
Account:                 teaching
QoS:                     teaching
Partition (queue):       teaching-gpu
Submit directory:        /users/vib22141/PH510/Task1
Script name:             /users/vib22141/PH510/Task1/piCalc_8core.sh
Master node:             weegpu5
Nodes used:              weegpu5
Task distribution:       
===================================================================================

Pi value for 8 cores: 3.141592653589741
Time: 6.622238636016846
===================================================================================
SLURM job 11723315 ended:     Wed Feb 05 22:39:15 GMT 2025 (Unix Epoch time: 1738795155)
This is an estimated end time using the 'date' command from node weegpu5.hpc.strath.ac.uk
For accurate timings, use 'sacct -j 11723315 -X --format=Submit,Start,End,Elapsed'
======================================================================================
