************* Module goodcode_v3
goodcode_v3.py:39:0: C0301: Line too long (106/100) (line-too-long)
goodcode_v3.py:77:10: C0209: Formatting a regular string which could be an f-string (consider-using-f-string)

-----------------------------------
Your code has been rated at 9.05/10

===================================================================================
SLURM Job ID:            11723250
Submit time:             Wed Feb 05 22:07:36 GMT 2025 (Unix Epoch time: 1738793256)
Start time:              Wed Feb 05 22:08:38 GMT 2025 (Unix Epoch time: 1738793318)
No. nodes:               1
No. tasks:               1
Job name:                goodcode_test
Account:                 teaching
QoS:                     teaching
Partition (queue):       teaching-gpu
Submit directory:        /users/vib22141/PH510/Task1
Script name:             /users/vib22141/PH510/Task1/generic.sh
Master node:             weegpu4
Nodes used:              weegpu4
Task distribution:       
===================================================================================

===================================================================================
SLURM job 11723250 ended:     Wed Feb 05 22:07:10 GMT 2025 (Unix Epoch time: 1738793230)
This is an estimated end time using the 'date' command from node weegpu4.hpc.strath.ac.uk
For accurate timings, use 'sacct -j 11723250 -X --format=Submit,Start,End,Elapsed'
======================================================================================
slurmstepd: error: Pid 713631 is still in the freezer job cgroup.  It might be left uncleaned after the job.
