===================================================================================
SLURM Job ID:            11723312
Submit time:             Wed Feb 05 22:40:14 GMT 2025 (Unix Epoch time: 1738795214)
Start time:              Wed Feb 05 22:40:38 GMT 2025 (Unix Epoch time: 1738795238)
No. nodes:               1
No. tasks:               1
Job name:                goodcode_test
Account:                 teaching
QoS:                     teaching
Partition (queue):       teaching-gpu
Submit directory:        /users/vib22141/PH510/Task1
Script name:             /users/vib22141/PH510/Task1/piCalc_1core.sh
Master node:             weegpu4
Nodes used:              weegpu4
Task distribution:       
===================================================================================

Pi value for 1 cores: 3.141592653588789
Time: 45.4223849773407
===================================================================================
SLURM job 11723312 ended:     Wed Feb 05 22:39:54 GMT 2025 (Unix Epoch time: 1738795194)
This is an estimated end time using the 'date' command from node weegpu4.hpc.strath.ac.uk
For accurate timings, use 'sacct -j 11723312 -X --format=Submit,Start,End,Elapsed'
======================================================================================
slurmstepd: error: Pid 716402 is still in the cpuset step cgroup.  It might be left uncleaned after the job.
