===================================================================================
SLURM Job ID:            11723314
Submit time:             Wed Feb 05 22:40:14 GMT 2025 (Unix Epoch time: 1738795214)
Start time:              Wed Feb 05 22:40:38 GMT 2025 (Unix Epoch time: 1738795238)
No. nodes:               1
No. tasks:               4
Job name:                goodcode_test
Account:                 teaching
QoS:                     teaching
Partition (queue):       teaching-gpu
Submit directory:        /users/vib22141/PH510/Task1
Script name:             /users/vib22141/PH510/Task1/piCalc_4core.sh
Master node:             weegpu4
Nodes used:              weegpu4
Task distribution:       
===================================================================================

Pi value for 4 cores: 3.141592653589351
Time: 14.440943002700806
===================================================================================
SLURM job 11723314 ended:     Wed Feb 05 22:39:24 GMT 2025 (Unix Epoch time: 1738795164)
This is an estimated end time using the 'date' command from node weegpu4.hpc.strath.ac.uk
For accurate timings, use 'sacct -j 11723314 -X --format=Submit,Start,End,Elapsed'
======================================================================================
