===================================================================================
SLURM Job ID:            11723100
Submit time:             Wed Feb 05 20:28:39 GMT 2025 (Unix Epoch time: 1738787319)
Start time:              Wed Feb 05 20:30:11 GMT 2025 (Unix Epoch time: 1738787411)
No. nodes:               1
No. tasks:               4
Job name:                goodcode_test
Account:                 teaching
QoS:                     teaching
Partition (queue):       teaching-gpu
Submit directory:        /users/vib22141/PH510/Task1
Script name:             /users/vib22141/PH510/Task1/piCalc_4core.sh
Master node:             weegpu4
Nodes used:              weegpu4
Task distribution:       
===================================================================================

Pi value: 3.141592653589351
Time: 14.902368783950806
===================================================================================
SLURM job 11723100 ended:     Wed Feb 05 20:28:58 GMT 2025 (Unix Epoch time: 1738787338)
This is an estimated end time using the 'date' command from node weegpu4.hpc.strath.ac.uk
For accurate timings, use 'sacct -j 11723100 -X --format=Submit,Start,End,Elapsed'
======================================================================================
