************* Module goodcode_v3
goodcode_v3.py:78:10: C0209: Formatting a regular string which could be an f-string (consider-using-f-string)

------------------------------------------------------------------
Your code has been rated at 9.52/10 (previous run: 9.52/10, +0.00)

===================================================================================
SLURM Job ID:            11723256
Submit time:             Wed Feb 05 22:17:51 GMT 2025 (Unix Epoch time: 1738793871)
Start time:              Wed Feb 05 22:18:38 GMT 2025 (Unix Epoch time: 1738793918)
No. nodes:               1
No. tasks:               1
Job name:                goodcode_test
Account:                 teaching
QoS:                     teaching
Partition (queue):       teaching-gpu
Submit directory:        /users/vib22141/PH510/Task1
Script name:             /users/vib22141/PH510/Task1/generic.sh
Master node:             weegpu4
Nodes used:              weegpu4
Task distribution:       
===================================================================================

===================================================================================
SLURM job 11723256 ended:     Wed Feb 05 22:17:09 GMT 2025 (Unix Epoch time: 1738793829)
This is an estimated end time using the 'date' command from node weegpu4.hpc.strath.ac.uk
For accurate timings, use 'sacct -j 11723256 -X --format=Submit,Start,End,Elapsed'
======================================================================================
slurmstepd: error: Pid 714483 is still in the freezer job cgroup.  It might be left uncleaned after the job.
