===================================================================================
SLURM Job ID:            11721650
Submit time:             Tue Feb 04 16:28:30 GMT 2025 (Unix Epoch time: 1738686510)
Start time:              Tue Feb 04 16:28:37 GMT 2025 (Unix Epoch time: 1738686517)
No. nodes:               1
No. tasks:               2
Job name:                badcode_test
Account:                 teaching
QoS:                     teaching
Partition (queue):       teaching-gpu
Submit directory:        /users/vib22141/PH510/Task1
Script name:             /users/vib22141/PH510/Task1/generic.sh
Master node:             weegpu4
Nodes used:              weegpu4
Task distribution:       
===================================================================================

Integral 3.1415926536
===================================================================================
SLURM job 11721650 ended:     Tue Feb 04 16:30:30 GMT 2025 (Unix Epoch time: 1738686630)
This is an estimated end time using the 'date' command from node weegpu4.hpc.strath.ac.uk
For accurate timings, use 'sacct -j 11721650 -X --format=Submit,Start,End,Elapsed'
======================================================================================
