===================================================================================
SLURM Job ID:            11722902
Submit time:             Wed Feb 05 18:22:09 GMT 2025 (Unix Epoch time: 1738779729)
Start time:              Wed Feb 05 18:22:38 GMT 2025 (Unix Epoch time: 1738779758)
No. nodes:               1
No. tasks:               2
Job name:                goodcode_test
Account:                 teaching
QoS:                     teaching
Partition (queue):       teaching-gpu
Submit directory:        /users/vib22141/PH510/Task1
Script name:             /users/vib22141/PH510/Task1/generic.sh
Master node:             weegpu4
Nodes used:              weegpu4
Task distribution:       
===================================================================================

Integral 3.141592642759209
===================================================================================
SLURM job 11722902 ended:     Wed Feb 05 18:21:56 GMT 2025 (Unix Epoch time: 1738779716)
This is an estimated end time using the 'date' command from node weegpu4.hpc.strath.ac.uk
For accurate timings, use 'sacct -j 11722902 -X --format=Submit,Start,End,Elapsed'
======================================================================================
