************* Module goodcode_v3
goodcode_v3.py:39:24: C0303: Trailing whitespace (trailing-whitespace)
goodcode_v3.py:78:10: W1309: Using an f-string that does not have any interpolated variables (f-string-without-interpolation)
goodcode_v3.py:79:10: W1309: Using an f-string that does not have any interpolated variables (f-string-without-interpolation)

------------------------------------------------------------------
Your code has been rated at 8.57/10 (previous run: 9.05/10, -0.48)

===================================================================================
SLURM Job ID:            11723251
Submit time:             Wed Feb 05 22:11:33 GMT 2025 (Unix Epoch time: 1738793493)
Start time:              Wed Feb 05 22:12:38 GMT 2025 (Unix Epoch time: 1738793558)
No. nodes:               1
No. tasks:               1
Job name:                goodcode_test
Account:                 teaching
QoS:                     teaching
Partition (queue):       teaching-gpu
Submit directory:        /users/vib22141/PH510/Task1
Script name:             /users/vib22141/PH510/Task1/generic.sh
Master node:             weegpu4
Nodes used:              weegpu4
Task distribution:       
===================================================================================

===================================================================================
SLURM job 11723251 ended:     Wed Feb 05 22:11:09 GMT 2025 (Unix Epoch time: 1738793469)
This is an estimated end time using the 'date' command from node weegpu4.hpc.strath.ac.uk
For accurate timings, use 'sacct -j 11723251 -X --format=Submit,Start,End,Elapsed'
======================================================================================
slurmstepd: error: Pid 713965 is still in the freezer job cgroup.  It might be left uncleaned after the job.
