
--------------------------------------------------------------------
Your code has been rated at 10.00/10 (previous run: 10.00/10, +0.00)

===================================================================================
SLURM Job ID:            11723275
Submit time:             Wed Feb 05 22:26:18 GMT 2025 (Unix Epoch time: 1738794378)
Start time:              Wed Feb 05 22:26:38 GMT 2025 (Unix Epoch time: 1738794398)
No. nodes:               1
No. tasks:               1
Job name:                goodcode_test
Account:                 teaching
QoS:                     teaching
Partition (queue):       teaching-gpu
Submit directory:        /users/vib22141/PH510/Task1
Script name:             /users/vib22141/PH510/Task1/generic.sh
Master node:             weegpu4
Nodes used:              weegpu4
Task distribution:       
===================================================================================

===================================================================================
SLURM job 11723275 ended:     Wed Feb 05 22:25:09 GMT 2025 (Unix Epoch time: 1738794309)
This is an estimated end time using the 'date' command from node weegpu4.hpc.strath.ac.uk
For accurate timings, use 'sacct -j 11723275 -X --format=Submit,Start,End,Elapsed'
======================================================================================
slurmstepd: error: Pid 715250 is still in the freezer job cgroup.  It might be left uncleaned after the job.
