************* Module goodcode
goodcode.py:19:0: W0311: Bad indentation. Found 2 spaces, expected 4 (bad-indentation)
goodcode.py:19:0: C0325: Unnecessary parens after 'return' keyword (superfluous-parens)
goodcode.py:1:0: C0114: Missing module docstring (missing-module-docstring)
goodcode.py:18:0: C0116: Missing function or method docstring (missing-function-docstring)
goodcode.py:18:14: W0621: Redefining name 'x' from outer scope (line 26) (redefined-outer-name)
goodcode.py:23:0: C0103: Constant name "worker_sum" doesn't conform to UPPER_CASE naming style (invalid-name)
goodcode.py:37:10: C0209: Formatting a regular string which could be an f-string (consider-using-f-string)
goodcode.py:3:0: C0411: standard import "time" should be placed before third party import "numpy" (wrong-import-order)

-----------------------------------
Your code has been rated at 6.19/10

===================================================================================
SLURM Job ID:            11723141
Submit time:             Wed Feb 05 20:52:14 GMT 2025 (Unix Epoch time: 1738788734)
Start time:              Wed Feb 05 20:52:38 GMT 2025 (Unix Epoch time: 1738788758)
No. nodes:               1
No. tasks:               16
Job name:                goodcode_test
Account:                 teaching
QoS:                     teaching
Partition (queue):       teaching-gpu
Submit directory:        /users/vib22141/PH510/Task1
Script name:             /users/vib22141/PH510/Task1/generic.sh
Master node:             weegpu4
Nodes used:              weegpu4
Task distribution:       
===================================================================================

===================================================================================
SLURM job 11723141 ended:     Wed Feb 05 20:51:11 GMT 2025 (Unix Epoch time: 1738788671)
This is an estimated end time using the 'date' command from node weegpu4.hpc.strath.ac.uk
For accurate timings, use 'sacct -j 11723141 -X --format=Submit,Start,End,Elapsed'
======================================================================================
