===================================================================================
SLURM Job ID:            11723313
Submit time:             Wed Feb 05 22:40:14 GMT 2025 (Unix Epoch time: 1738795214)
Start time:              Wed Feb 05 22:40:38 GMT 2025 (Unix Epoch time: 1738795238)
No. nodes:               1
No. tasks:               2
Job name:                goodcode_test
Account:                 teaching
QoS:                     teaching
Partition (queue):       teaching-gpu
Submit directory:        /users/vib22141/PH510/Task1
Script name:             /users/vib22141/PH510/Task1/piCalc_2core.sh
Master node:             weegpu4
Nodes used:              weegpu4
Task distribution:       
===================================================================================

Pi value for 2 cores: 3.141592653591297
Time: 25.640315771102905
===================================================================================
SLURM job 11723313 ended:     Wed Feb 05 22:39:34 GMT 2025 (Unix Epoch time: 1738795174)
This is an estimated end time using the 'date' command from node weegpu4.hpc.strath.ac.uk
For accurate timings, use 'sacct -j 11723313 -X --format=Submit,Start,End,Elapsed'
======================================================================================
